{"C:\\Users\\yotam\\OneDrive\\שולחן העבודה\\3rd Year Projects\\myapp2\\src\\server.ts": {"path":"C:\\Users\\yotam\\OneDrive\\שולחן העבודה\\3rd Year Projects\\myapp2\\src\\server.ts","statementMap":{"0":{"start":{"line":1,"column":0},"end":{"line":1,"column":42}},"1":{"start":{"line":2,"column":12},"end":{"line":2,"column":21}},"2":{"start":{"line":3,"column":0},"end":{"line":3,"column":28}},"3":{"start":{"line":4,"column":0},"end":{"line":4,"column":16}},"4":{"start":{"line":5,"column":0},"end":{"line":5,"column":31}},"5":{"start":{"line":6,"column":0},"end":{"line":6,"column":47}},"6":{"start":{"line":7,"column":0},"end":{"line":7,"column":53}},"7":{"start":{"line":8,"column":0},"end":{"line":8,"column":37}},"8":{"start":{"line":9,"column":0},"end":{"line":9,"column":45}},"9":{"start":{"line":11,"column":16},"end":{"line":38,"column":1}},"10":{"start":{"line":12,"column":0},"end":{"line":37,"column":null}},"11":{"start":{"line":14,"column":13},"end":{"line":14,"column":32}},"12":{"start":{"line":15,"column":4},"end":{"line":15,"column":null}},"13":{"start":{"line":15,"column":26},"end":{"line":15,"column":47}},"14":{"start":{"line":16,"column":4},"end":{"line":16,"column":null}},"15":{"start":{"line":16,"column":23},"end":{"line":16,"column":56}},"16":{"start":{"line":18,"column":4},"end":{"line":35,"column":5}},"17":{"start":{"line":20,"column":8},"end":{"line":20,"column":null}},"18":{"start":{"line":21,"column":8},"end":{"line":21,"column":null}},"19":{"start":{"line":24,"column":8},"end":{"line":34,"column":null}},"20":{"start":{"line":26,"column":12},"end":{"line":26,"column":39}},"21":{"start":{"line":27,"column":12},"end":{"line":27,"column":60}},"22":{"start":{"line":29,"column":12},"end":{"line":29,"column":41}},"23":{"start":{"line":30,"column":12},"end":{"line":30,"column":48}},"24":{"start":{"line":31,"column":12},"end":{"line":31,"column":null}},"25":{"start":{"line":32,"column":12},"end":{"line":32,"column":null}},"26":{"start":{"line":41,"column":0},"end":{"line":41,"column":23}}},"fnMap":{"0":{"name":"(anonymous_1)","decl":{"start":{"line":11,"column":16},"end":{"line":11,"column":18}},"loc":{"start":{"line":11,"column":20},"end":{"line":38,"column":1}}},"1":{"name":"(anonymous_2)","decl":{"start":{"line":12,"column":28},"end":{"line":12,"column":29}},"loc":{"start":{"line":12,"column":46},"end":{"line":37,"column":5}}},"2":{"name":"(anonymous_3)","decl":{"start":{"line":15,"column":18},"end":{"line":15,"column":23}},"loc":{"start":{"line":15,"column":25},"end":{"line":15,"column":47}}},"3":{"name":"(anonymous_4)","decl":{"start":{"line":16,"column":19},"end":{"line":16,"column":21}},"loc":{"start":{"line":16,"column":23},"end":{"line":16,"column":56}}},"4":{"name":"(anonymous_5)","decl":{"start":{"line":24,"column":56},"end":{"line":24,"column":58}},"loc":{"start":{"line":24,"column":60},"end":{"line":34,"column":9}}}},"branchMap":{"0":{"loc":{"start":{"line":18,"column":4},"end":{"line":35,"column":5}},"type":"if","locations":[{"start":{"line":18,"column":4},"end":{"line":35,"column":5}},{"start":{"line":23,"column":8},"end":{"line":35,"column":5}}]}},"s":{"0":3,"1":3,"2":3,"3":3,"4":3,"5":3,"6":3,"7":3,"8":3,"9":3,"10":3,"11":3,"12":3,"13":0,"14":3,"15":3,"16":3,"17":0,"18":0,"19":3,"20":3,"21":3,"22":3,"23":3,"24":3,"25":3,"26":3},"f":{"0":3,"1":3,"2":0,"3":3,"4":3},"b":{"0":[0,3]}}
,"C:\\Users\\yotam\\OneDrive\\שולחן העבודה\\3rd Year Projects\\myapp2\\src\\controllers\\auth_controller.ts": {"path":"C:\\Users\\yotam\\OneDrive\\שולחן העבודה\\3rd Year Projects\\myapp2\\src\\controllers\\auth_controller.ts","statementMap":{"0":{"start":{"line":2,"column":0},"end":{"line":2,"column":45}},"1":{"start":{"line":3,"column":0},"end":{"line":3,"column":27}},"2":{"start":{"line":4,"column":0},"end":{"line":4,"column":30}},"3":{"start":{"line":6,"column":17},"end":{"line":18,"column":null}},"4":{"start":{"line":6,"column":50},"end":{"line":18,"column":null}},"5":{"start":{"line":7,"column":4},"end":{"line":17,"column":5}},"6":{"start":{"line":8,"column":21},"end":{"line":8,"column":45}},"7":{"start":{"line":9,"column":31},"end":{"line":9,"column":72}},"8":{"start":{"line":10,"column":21},"end":{"line":13,"column":10}},"9":{"start":{"line":14,"column":8},"end":{"line":14,"column":null}},"10":{"start":{"line":16,"column":8},"end":{"line":16,"column":null}},"11":{"start":{"line":20,"column":15},"end":{"line":46,"column":null}},"12":{"start":{"line":20,"column":48},"end":{"line":46,"column":null}},"13":{"start":{"line":21,"column":4},"end":{"line":45,"column":5}},"14":{"start":{"line":22,"column":21},"end":{"line":22,"column":68}},"15":{"start":{"line":23,"column":8},"end":{"line":26,"column":9}},"16":{"start":{"line":24,"column":12},"end":{"line":24,"column":null}},"17":{"start":{"line":25,"column":12},"end":{"line":25,"column":18}},"18":{"start":{"line":27,"column":30},"end":{"line":27,"column":83}},"19":{"start":{"line":28,"column":8},"end":{"line":32,"column":9}},"20":{"start":{"line":30,"column":12},"end":{"line":30,"column":null}},"21":{"start":{"line":31,"column":12},"end":{"line":31,"column":18}},"22":{"start":{"line":33,"column":8},"end":{"line":37,"column":9}},"23":{"start":{"line":35,"column":12},"end":{"line":35,"column":null}},"24":{"start":{"line":36,"column":12},"end":{"line":36,"column":18}},"25":{"start":{"line":38,"column":22},"end":{"line":40,"column":52}},"26":{"start":{"line":41,"column":12},"end":{"line":41,"column":null}},"27":{"start":{"line":44,"column":8},"end":{"line":44,"column":null}},"28":{"start":{"line":52,"column":30},"end":{"line":73,"column":1}},"29":{"start":{"line":53,"column":26},"end":{"line":53,"column":53}},"30":{"start":{"line":54,"column":18},"end":{"line":54,"column":62}},"31":{"start":{"line":55,"column":4},"end":{"line":59,"column":5}},"32":{"start":{"line":57,"column":8},"end":{"line":57,"column":null}},"33":{"start":{"line":58,"column":8},"end":{"line":58,"column":14}},"34":{"start":{"line":60,"column":4},"end":{"line":64,"column":5}},"35":{"start":{"line":62,"column":8},"end":{"line":62,"column":null}},"36":{"start":{"line":63,"column":8},"end":{"line":63,"column":14}},"37":{"start":{"line":65,"column":4},"end":{"line":72,"column":null}},"38":{"start":{"line":66,"column":8},"end":{"line":69,"column":9}},"39":{"start":{"line":67,"column":12},"end":{"line":67,"column":null}},"40":{"start":{"line":68,"column":12},"end":{"line":68,"column":18}},"41":{"start":{"line":70,"column":8},"end":{"line":70,"column":null}},"42":{"start":{"line":71,"column":8},"end":{"line":71,"column":null}},"43":{"start":{"line":52,"column":13},"end":{"line":52,"column":30}},"44":{"start":{"line":75,"column":0},"end":{"line":78,"column":null}}},"fnMap":{"0":{"name":"(anonymous_8)","decl":{"start":{"line":6,"column":17},"end":{"line":6,"column":23}},"loc":{"start":{"line":6,"column":50},"end":{"line":18,"column":null}}},"1":{"name":"(anonymous_9)","decl":{"start":{"line":6,"column":50},"end":{"line":6,"column":null}},"loc":{"start":{"line":6,"column":50},"end":{"line":18,"column":1}}},"2":{"name":"(anonymous_10)","decl":{"start":{"line":20,"column":15},"end":{"line":20,"column":21}},"loc":{"start":{"line":20,"column":48},"end":{"line":46,"column":null}}},"3":{"name":"(anonymous_11)","decl":{"start":{"line":20,"column":48},"end":{"line":20,"column":null}},"loc":{"start":{"line":20,"column":48},"end":{"line":46,"column":1}}},"4":{"name":"(anonymous_12)","decl":{"start":{"line":52,"column":30},"end":{"line":52,"column":31}},"loc":{"start":{"line":52,"column":76},"end":{"line":73,"column":1}}},"5":{"name":"(anonymous_13)","decl":{"start":{"line":65,"column":46},"end":{"line":65,"column":47}},"loc":{"start":{"line":65,"column":61},"end":{"line":72,"column":5}}}},"branchMap":{"0":{"loc":{"start":{"line":23,"column":8},"end":{"line":26,"column":9}},"type":"if","locations":[{"start":{"line":23,"column":8},"end":{"line":26,"column":9}}]},"1":{"loc":{"start":{"line":28,"column":8},"end":{"line":32,"column":9}},"type":"if","locations":[{"start":{"line":28,"column":8},"end":{"line":32,"column":9}}]},"2":{"loc":{"start":{"line":33,"column":8},"end":{"line":37,"column":9}},"type":"if","locations":[{"start":{"line":33,"column":8},"end":{"line":37,"column":9}}]},"3":{"loc":{"start":{"line":54,"column":18},"end":{"line":54,"column":62}},"type":"binary-expr","locations":[{"start":{"line":54,"column":18},"end":{"line":54,"column":31}},{"start":{"line":54,"column":35},"end":{"line":54,"column":62}}]},"4":{"loc":{"start":{"line":55,"column":4},"end":{"line":59,"column":5}},"type":"if","locations":[{"start":{"line":55,"column":4},"end":{"line":59,"column":5}}]},"5":{"loc":{"start":{"line":60,"column":4},"end":{"line":64,"column":5}},"type":"if","locations":[{"start":{"line":60,"column":4},"end":{"line":64,"column":5}}]},"6":{"loc":{"start":{"line":66,"column":8},"end":{"line":69,"column":9}},"type":"if","locations":[{"start":{"line":66,"column":8},"end":{"line":69,"column":9}}]}},"s":{"0":3,"1":3,"2":3,"3":3,"4":3,"5":3,"6":3,"7":3,"8":2,"9":1,"10":2,"11":3,"12":1,"13":1,"14":1,"15":1,"16":0,"17":0,"18":1,"19":1,"20":0,"21":0,"22":1,"23":0,"24":0,"25":1,"26":1,"27":0,"28":3,"29":5,"30":5,"31":5,"32":4,"33":4,"34":1,"35":0,"36":0,"37":1,"38":1,"39":0,"40":0,"41":1,"42":1,"43":3,"44":3},"f":{"0":3,"1":3,"2":1,"3":1,"4":5,"5":1},"b":{"0":[0],"1":[0],"2":[0],"3":[5,1],"4":[4],"5":[0],"6":[0]}}
,"C:\\Users\\yotam\\OneDrive\\שולחן העבודה\\3rd Year Projects\\myapp2\\src\\controllers\\base_controller.ts": {"path":"C:\\Users\\yotam\\OneDrive\\שולחן העבודה\\3rd Year Projects\\myapp2\\src\\controllers\\base_controller.ts","statementMap":{"0":{"start":{"line":11,"column":8},"end":{"line":11,"column":null}},"1":{"start":{"line":15,"column":8},"end":{"line":18,"column":51}},"2":{"start":{"line":16,"column":23},"end":{"line":16,"column":46}},"3":{"start":{"line":17,"column":12},"end":{"line":17,"column":39}},"4":{"start":{"line":18,"column":23},"end":{"line":18,"column":51}},"5":{"start":{"line":23,"column":26},"end":{"line":23,"column":35}},"6":{"start":{"line":24,"column":8},"end":{"line":32,"column":9}},"7":{"start":{"line":25,"column":25},"end":{"line":25,"column":48}},"8":{"start":{"line":26,"column":12},"end":{"line":26,"column":null}},"9":{"start":{"line":30,"column":25},"end":{"line":30,"column":61}},"10":{"start":{"line":31,"column":12},"end":{"line":31,"column":null}},"11":{"start":{"line":37,"column":16},"end":{"line":37,"column":24}},"12":{"start":{"line":38,"column":4},"end":{"line":41,"column":50}},"13":{"start":{"line":39,"column":20},"end":{"line":39,"column":49}},"14":{"start":{"line":40,"column":8},"end":{"line":40,"column":35}},"15":{"start":{"line":41,"column":22},"end":{"line":41,"column":50}},"16":{"start":{"line":46,"column":8},"end":{"line":46,"column":null}},"17":{"start":{"line":47,"column":8},"end":{"line":47,"column":null}},"18":{"start":{"line":51,"column":8},"end":{"line":51,"column":null}},"19":{"start":{"line":52,"column":8},"end":{"line":52,"column":null}},"20":{"start":{"line":56,"column":21},"end":{"line":56,"column":29}},"21":{"start":{"line":57,"column":8},"end":{"line":57,"column":null}},"22":{"start":{"line":58,"column":8},"end":{"line":58,"column":null}},"23":{"start":{"line":6,"column":0},"end":{"line":6,"column":13}},"24":{"start":{"line":62,"column":25},"end":{"line":64,"column":1}},"25":{"start":{"line":63,"column":4},"end":{"line":63,"column":null}},"26":{"start":{"line":66,"column":0},"end":{"line":66,"column":null}}},"fnMap":{"0":{"name":"(anonymous_7)","decl":{"start":{"line":9,"column":4},"end":{"line":9,"column":16}},"loc":{"start":{"line":9,"column":30},"end":{"line":12,"column":5}}},"1":{"name":"(anonymous_8)","decl":{"start":{"line":14,"column":10},"end":{"line":14,"column":16}},"loc":{"start":{"line":14,"column":41},"end":{"line":20,"column":6}}},"2":{"name":"(anonymous_10)","decl":{"start":{"line":22,"column":10},"end":{"line":22,"column":21}},"loc":{"start":{"line":22,"column":46},"end":{"line":34,"column":6}}},"3":{"name":"(anonymous_12)","decl":{"start":{"line":36,"column":10},"end":{"line":36,"column":16}},"loc":{"start":{"line":36,"column":41},"end":{"line":43,"column":6}}},"4":{"name":"(anonymous_14)","decl":{"start":{"line":45,"column":10},"end":{"line":45,"column":20}},"loc":{"start":{"line":45,"column":45},"end":{"line":48,"column":6}}},"5":{"name":"(anonymous_16)","decl":{"start":{"line":50,"column":10},"end":{"line":50,"column":19}},"loc":{"start":{"line":50,"column":44},"end":{"line":53,"column":null}}},"6":{"name":"(anonymous_18)","decl":{"start":{"line":55,"column":10},"end":{"line":55,"column":16}},"loc":{"start":{"line":55,"column":41},"end":{"line":59,"column":null}}},"7":{"name":"(anonymous_20)","decl":{"start":{"line":62,"column":25},"end":{"line":62,"column":29}},"loc":{"start":{"line":62,"column":46},"end":{"line":64,"column":1}}}},"branchMap":{"0":{"loc":{"start":{"line":24,"column":8},"end":{"line":32,"column":9}},"type":"if","locations":[{"start":{"line":24,"column":8},"end":{"line":32,"column":9}},{"start":{"line":29,"column":8},"end":{"line":32,"column":9}}]}},"s":{"0":6,"1":3,"2":3,"3":3,"4":0,"5":0,"6":0,"7":0,"8":0,"9":0,"10":0,"11":1,"12":1,"13":1,"14":1,"15":0,"16":0,"17":0,"18":0,"19":0,"20":0,"21":0,"22":0,"23":3,"24":3,"25":3,"26":3},"f":{"0":6,"1":3,"2":0,"3":1,"4":0,"5":0,"6":0,"7":3},"b":{"0":[0,0]}}
,"C:\\Users\\yotam\\OneDrive\\שולחן העבודה\\3rd Year Projects\\myapp2\\src\\controllers\\comments_controller.ts": {"path":"C:\\Users\\yotam\\OneDrive\\שולחן העבודה\\3rd Year Projects\\myapp2\\src\\controllers\\comments_controller.ts","statementMap":{"0":{"start":{"line":3,"column":0},"end":{"line":3,"column":62}},"1":{"start":{"line":4,"column":0},"end":{"line":4,"column":48}},"2":{"start":{"line":6,"column":27},"end":{"line":6,"column":67}},"3":{"start":{"line":8,"column":0},"end":{"line":8,"column":33}}},"fnMap":{},"branchMap":{},"s":{"0":3,"1":3,"2":3,"3":3},"f":{},"b":{}}
,"C:\\Users\\yotam\\OneDrive\\שולחן העבודה\\3rd Year Projects\\myapp2\\src\\controllers\\post_controller.ts": {"path":"C:\\Users\\yotam\\OneDrive\\שולחן העבודה\\3rd Year Projects\\myapp2\\src\\controllers\\post_controller.ts","statementMap":{"0":{"start":{"line":2,"column":0},"end":{"line":2,"column":56}},"1":{"start":{"line":3,"column":0},"end":{"line":3,"column":48}},"2":{"start":{"line":8,"column":8},"end":{"line":8,"column":null}},"3":{"start":{"line":12,"column":23},"end":{"line":12,"column":40}},"4":{"start":{"line":13,"column":18},"end":{"line":15,"column":null}},"5":{"start":{"line":17,"column":8},"end":{"line":17,"column":null}},"6":{"start":{"line":18,"column":8},"end":{"line":18,"column":29}},"7":{"start":{"line":22,"column":0},"end":{"line":22,"column":null}}},"fnMap":{"0":{"name":"(anonymous_8)","decl":{"start":{"line":7,"column":4},"end":{"line":7,"column":null}},"loc":{"start":{"line":7,"column":4},"end":{"line":9,"column":5}}},"1":{"name":"(anonymous_9)","decl":{"start":{"line":11,"column":10},"end":{"line":11,"column":16}},"loc":{"start":{"line":11,"column":41},"end":{"line":19,"column":6}}}},"branchMap":{},"s":{"0":3,"1":3,"2":3,"3":1,"4":1,"5":1,"6":1,"7":3},"f":{"0":3,"1":1},"b":{}}
,"C:\\Users\\yotam\\OneDrive\\שולחן העבודה\\3rd Year Projects\\myapp2\\src\\models\\comments_model.ts": {"path":"C:\\Users\\yotam\\OneDrive\\שולחן העבודה\\3rd Year Projects\\myapp2\\src\\models\\comments_model.ts","statementMap":{"0":{"start":{"line":2,"column":0},"end":{"line":2,"column":31}},"1":{"start":{"line":9,"column":21},"end":{"line":19,"column":2}},"2":{"start":{"line":21,"column":19},"end":{"line":21,"column":69}},"3":{"start":{"line":23,"column":0},"end":{"line":23,"column":28}}},"fnMap":{},"branchMap":{},"s":{"0":3,"1":3,"2":3,"3":3},"f":{},"b":{}}
,"C:\\Users\\yotam\\OneDrive\\שולחן העבודה\\3rd Year Projects\\myapp2\\src\\models\\posts_model.ts": {"path":"C:\\Users\\yotam\\OneDrive\\שולחן העבודה\\3rd Year Projects\\myapp2\\src\\models\\posts_model.ts","statementMap":{"0":{"start":{"line":2,"column":0},"end":{"line":2,"column":31}},"1":{"start":{"line":10,"column":18},"end":{"line":20,"column":2}},"2":{"start":{"line":21,"column":16},"end":{"line":21,"column":56}},"3":{"start":{"line":23,"column":0},"end":{"line":23,"column":25}}},"fnMap":{},"branchMap":{},"s":{"0":3,"1":3,"2":3,"3":3},"f":{},"b":{}}
,"C:\\Users\\yotam\\OneDrive\\שולחן העבודה\\3rd Year Projects\\myapp2\\src\\models\\users_model.ts": {"path":"C:\\Users\\yotam\\OneDrive\\שולחן העבודה\\3rd Year Projects\\myapp2\\src\\models\\users_model.ts","statementMap":{"0":{"start":{"line":2,"column":0},"end":{"line":2,"column":31}},"1":{"start":{"line":10,"column":18},"end":{"line":18,"column":2}},"2":{"start":{"line":19,"column":16},"end":{"line":19,"column":57}},"3":{"start":{"line":21,"column":0},"end":{"line":21,"column":25}}},"fnMap":{},"branchMap":{},"s":{"0":3,"1":3,"2":3,"3":3},"f":{},"b":{}}
,"C:\\Users\\yotam\\OneDrive\\שולחן העבודה\\3rd Year Projects\\myapp2\\src\\routes\\auth_routes.ts": {"path":"C:\\Users\\yotam\\OneDrive\\שולחן העבודה\\3rd Year Projects\\myapp2\\src\\routes\\auth_routes.ts","statementMap":{"0":{"start":{"line":1,"column":0},"end":{"line":1,"column":30}},"1":{"start":{"line":2,"column":14},"end":{"line":2,"column":30}},"2":{"start":{"line":3,"column":0},"end":{"line":3,"column":59}},"3":{"start":{"line":5,"column":0},"end":{"line":5,"column":50}},"4":{"start":{"line":7,"column":0},"end":{"line":7,"column":44}},"5":{"start":{"line":10,"column":0},"end":{"line":10,"column":null}}},"fnMap":{},"branchMap":{},"s":{"0":3,"1":3,"2":3,"3":3,"4":3,"5":3},"f":{},"b":{}}
,"C:\\Users\\yotam\\OneDrive\\שולחן העבודה\\3rd Year Projects\\myapp2\\src\\routes\\comments_routes.ts": {"path":"C:\\Users\\yotam\\OneDrive\\שולחן העבודה\\3rd Year Projects\\myapp2\\src\\routes\\comments_routes.ts","statementMap":{"0":{"start":{"line":1,"column":0},"end":{"line":1,"column":30}},"1":{"start":{"line":2,"column":14},"end":{"line":2,"column":30}},"2":{"start":{"line":3,"column":0},"end":{"line":3,"column":67}},"3":{"start":{"line":4,"column":0},"end":{"line":4,"column":64}},"4":{"start":{"line":6,"column":0},"end":{"line":6,"column":68}},"5":{"start":{"line":8,"column":0},"end":{"line":8,"column":83}},"6":{"start":{"line":10,"column":0},"end":{"line":10,"column":null}},"7":{"start":{"line":12,"column":0},"end":{"line":12,"column":88}},"8":{"start":{"line":14,"column":0},"end":{"line":14,"column":92}},"9":{"start":{"line":17,"column":0},"end":{"line":17,"column":null}}},"fnMap":{},"branchMap":{},"s":{"0":3,"1":3,"2":3,"3":3,"4":3,"5":3,"6":3,"7":3,"8":3,"9":3},"f":{},"b":{}}
,"C:\\Users\\yotam\\OneDrive\\שולחן העבודה\\3rd Year Projects\\myapp2\\src\\routes\\posts_routes.ts": {"path":"C:\\Users\\yotam\\OneDrive\\שולחן העבודה\\3rd Year Projects\\myapp2\\src\\routes\\posts_routes.ts","statementMap":{"0":{"start":{"line":1,"column":0},"end":{"line":1,"column":30}},"1":{"start":{"line":2,"column":14},"end":{"line":2,"column":30}},"2":{"start":{"line":3,"column":0},"end":{"line":3,"column":59}},"3":{"start":{"line":4,"column":0},"end":{"line":4,"column":64}},"4":{"start":{"line":6,"column":0},"end":{"line":6,"column":60}},"5":{"start":{"line":8,"column":0},"end":{"line":8,"column":75}},"6":{"start":{"line":10,"column":0},"end":{"line":10,"column":null}},"7":{"start":{"line":12,"column":0},"end":{"line":12,"column":80}},"8":{"start":{"line":14,"column":0},"end":{"line":14,"column":84}},"9":{"start":{"line":17,"column":0},"end":{"line":17,"column":null}}},"fnMap":{},"branchMap":{},"s":{"0":3,"1":3,"2":3,"3":3,"4":3,"5":3,"6":3,"7":3,"8":3,"9":3},"f":{},"b":{}}
}
