{"C:\\Users\\eliav\\myapp1\\Task2EY\\AdvancedApps2\\src\\server.ts": {"path":"C:\\Users\\eliav\\myapp1\\Task2EY\\AdvancedApps2\\src\\server.ts","statementMap":{"0":{"start":{"line":1,"column":0},"end":{"line":1,"column":42}},"1":{"start":{"line":2,"column":12},"end":{"line":2,"column":21}},"2":{"start":{"line":3,"column":0},"end":{"line":3,"column":28}},"3":{"start":{"line":4,"column":0},"end":{"line":4,"column":16}},"4":{"start":{"line":5,"column":0},"end":{"line":5,"column":31}},"5":{"start":{"line":6,"column":0},"end":{"line":6,"column":47}},"6":{"start":{"line":7,"column":0},"end":{"line":7,"column":53}},"7":{"start":{"line":8,"column":0},"end":{"line":8,"column":37}},"8":{"start":{"line":9,"column":0},"end":{"line":9,"column":45}},"9":{"start":{"line":10,"column":0},"end":{"line":10,"column":42}},"10":{"start":{"line":11,"column":0},"end":{"line":11,"column":40}},"11":{"start":{"line":13,"column":16},"end":{"line":25,"column":2}},"12":{"start":{"line":26,"column":18},"end":{"line":26,"column":39}},"13":{"start":{"line":27,"column":4},"end":{"line":27,"column":66}},"14":{"start":{"line":30,"column":0},"end":{"line":30,"column":27}},"15":{"start":{"line":31,"column":0},"end":{"line":31,"column":48}},"16":{"start":{"line":32,"column":0},"end":{"line":32,"column":29}},"17":{"start":{"line":33,"column":0},"end":{"line":33,"column":36}},"18":{"start":{"line":34,"column":0},"end":{"line":34,"column":null}},"19":{"start":{"line":36,"column":16},"end":{"line":55,"column":1}},"20":{"start":{"line":37,"column":0},"end":{"line":54,"column":null}},"21":{"start":{"line":39,"column":13},"end":{"line":39,"column":32}},"22":{"start":{"line":40,"column":4},"end":{"line":40,"column":null}},"23":{"start":{"line":40,"column":26},"end":{"line":40,"column":47}},"24":{"start":{"line":41,"column":4},"end":{"line":41,"column":null}},"25":{"start":{"line":41,"column":23},"end":{"line":41,"column":56}},"26":{"start":{"line":43,"column":4},"end":{"line":52,"column":5}},"27":{"start":{"line":45,"column":8},"end":{"line":45,"column":null}},"28":{"start":{"line":46,"column":8},"end":{"line":46,"column":null}},"29":{"start":{"line":49,"column":8},"end":{"line":51,"column":null}},"30":{"start":{"line":50,"column":12},"end":{"line":50,"column":null}},"31":{"start":{"line":58,"column":0},"end":{"line":58,"column":23}}},"fnMap":{"0":{"name":"(anonymous_1)","decl":{"start":{"line":36,"column":16},"end":{"line":36,"column":18}},"loc":{"start":{"line":36,"column":20},"end":{"line":55,"column":1}}},"1":{"name":"(anonymous_2)","decl":{"start":{"line":37,"column":28},"end":{"line":37,"column":29}},"loc":{"start":{"line":37,"column":46},"end":{"line":54,"column":5}}},"2":{"name":"(anonymous_3)","decl":{"start":{"line":40,"column":18},"end":{"line":40,"column":23}},"loc":{"start":{"line":40,"column":25},"end":{"line":40,"column":47}}},"3":{"name":"(anonymous_4)","decl":{"start":{"line":41,"column":19},"end":{"line":41,"column":21}},"loc":{"start":{"line":41,"column":23},"end":{"line":41,"column":56}}},"4":{"name":"(anonymous_5)","decl":{"start":{"line":49,"column":56},"end":{"line":49,"column":58}},"loc":{"start":{"line":49,"column":60},"end":{"line":51,"column":9}}}},"branchMap":{"0":{"loc":{"start":{"line":43,"column":4},"end":{"line":52,"column":5}},"type":"if","locations":[{"start":{"line":43,"column":4},"end":{"line":52,"column":5}},{"start":{"line":48,"column":8},"end":{"line":52,"column":5}}]}},"s":{"0":3,"1":3,"2":3,"3":3,"4":3,"5":3,"6":3,"7":3,"8":3,"9":3,"10":3,"11":3,"12":3,"13":3,"14":3,"15":3,"16":3,"17":3,"18":3,"19":3,"20":3,"21":3,"22":3,"23":0,"24":3,"25":3,"26":3,"27":0,"28":0,"29":3,"30":3,"31":3},"f":{"0":3,"1":3,"2":0,"3":3,"4":3},"b":{"0":[0,3]}}
,"C:\\Users\\eliav\\myapp1\\Task2EY\\AdvancedApps2\\src\\controllers\\auth_controller.ts": {"path":"C:\\Users\\eliav\\myapp1\\Task2EY\\AdvancedApps2\\src\\controllers\\auth_controller.ts","statementMap":{"0":{"start":{"line":2,"column":0},"end":{"line":2,"column":45}},"1":{"start":{"line":3,"column":0},"end":{"line":3,"column":27}},"2":{"start":{"line":4,"column":0},"end":{"line":4,"column":30}},"3":{"start":{"line":7,"column":30},"end":{"line":33,"column":1}},"4":{"start":{"line":9,"column":4},"end":{"line":12,"column":9}},"5":{"start":{"line":11,"column":12},"end":{"line":11,"column":null}},"6":{"start":{"line":13,"column":19},"end":{"line":13,"column":54}},"7":{"start":{"line":14,"column":24},"end":{"line":19,"column":48}},"8":{"start":{"line":22,"column":25},"end":{"line":28,"column":56}},"9":{"start":{"line":29,"column":8},"end":{"line":32,"column":null}},"10":{"start":{"line":7,"column":13},"end":{"line":7,"column":30}},"11":{"start":{"line":35,"column":17},"end":{"line":47,"column":null}},"12":{"start":{"line":35,"column":50},"end":{"line":47,"column":null}},"13":{"start":{"line":36,"column":4},"end":{"line":46,"column":5}},"14":{"start":{"line":37,"column":21},"end":{"line":37,"column":45}},"15":{"start":{"line":38,"column":31},"end":{"line":38,"column":72}},"16":{"start":{"line":39,"column":21},"end":{"line":42,"column":10}},"17":{"start":{"line":43,"column":8},"end":{"line":43,"column":null}},"18":{"start":{"line":45,"column":8},"end":{"line":45,"column":null}},"19":{"start":{"line":49,"column":15},"end":{"line":87,"column":null}},"20":{"start":{"line":49,"column":48},"end":{"line":87,"column":null}},"21":{"start":{"line":50,"column":4},"end":{"line":86,"column":5}},"22":{"start":{"line":51,"column":21},"end":{"line":51,"column":68}},"23":{"start":{"line":52,"column":8},"end":{"line":55,"column":9}},"24":{"start":{"line":53,"column":12},"end":{"line":53,"column":null}},"25":{"start":{"line":54,"column":12},"end":{"line":54,"column":18}},"26":{"start":{"line":56,"column":30},"end":{"line":56,"column":83}},"27":{"start":{"line":57,"column":8},"end":{"line":61,"column":9}},"28":{"start":{"line":59,"column":12},"end":{"line":59,"column":null}},"29":{"start":{"line":60,"column":12},"end":{"line":60,"column":18}},"30":{"start":{"line":63,"column":23},"end":{"line":63,"column":58}},"31":{"start":{"line":65,"column":8},"end":{"line":68,"column":9}},"32":{"start":{"line":66,"column":12},"end":{"line":66,"column":null}},"33":{"start":{"line":67,"column":12},"end":{"line":67,"column":18}},"34":{"start":{"line":70,"column":8},"end":{"line":75,"column":9}},"35":{"start":{"line":73,"column":12},"end":{"line":73,"column":38}},"36":{"start":{"line":74,"column":12},"end":{"line":74,"column":null}},"37":{"start":{"line":76,"column":8},"end":{"line":76,"column":null}},"38":{"start":{"line":77,"column":8},"end":{"line":77,"column":null}},"39":{"start":{"line":79,"column":8},"end":{"line":83,"column":null}},"40":{"start":{"line":85,"column":8},"end":{"line":85,"column":null}},"41":{"start":{"line":89,"column":15},"end":{"line":135,"column":null}},"42":{"start":{"line":89,"column":48},"end":{"line":135,"column":null}},"43":{"start":{"line":90,"column":25},"end":{"line":90,"column":46}},"44":{"start":{"line":91,"column":4},"end":{"line":95,"column":5}},"45":{"start":{"line":93,"column":8},"end":{"line":93,"column":null}},"46":{"start":{"line":94,"column":8},"end":{"line":94,"column":14}},"47":{"start":{"line":97,"column":4},"end":{"line":101,"column":5}},"48":{"start":{"line":99,"column":8},"end":{"line":99,"column":null}},"49":{"start":{"line":100,"column":8},"end":{"line":100,"column":14}},"50":{"start":{"line":102,"column":4},"end":{"line":134,"column":null}},"51":{"start":{"line":102,"column":79},"end":{"line":134,"column":6}},"52":{"start":{"line":103,"column":8},"end":{"line":106,"column":9}},"53":{"start":{"line":104,"column":12},"end":{"line":104,"column":null}},"54":{"start":{"line":105,"column":12},"end":{"line":105,"column":18}},"55":{"start":{"line":107,"column":8},"end":{"line":133,"column":9}},"56":{"start":{"line":108,"column":28},"end":{"line":108,"column":43}},"57":{"start":{"line":109,"column":25},"end":{"line":109,"column":67}},"58":{"start":{"line":110,"column":12},"end":{"line":113,"column":13}},"59":{"start":{"line":111,"column":16},"end":{"line":111,"column":null}},"60":{"start":{"line":112,"column":16},"end":{"line":112,"column":22}},"61":{"start":{"line":114,"column":12},"end":{"line":119,"column":13}},"62":{"start":{"line":115,"column":16},"end":{"line":115,"column":null}},"63":{"start":{"line":116,"column":16},"end":{"line":116,"column":null}},"64":{"start":{"line":117,"column":16},"end":{"line":117,"column":null}},"65":{"start":{"line":118,"column":16},"end":{"line":118,"column":22}},"66":{"start":{"line":120,"column":12},"end":{"line":126,"column":13}},"67":{"start":{"line":122,"column":16},"end":{"line":122,"column":null}},"68":{"start":{"line":123,"column":16},"end":{"line":123,"column":null}},"69":{"start":{"line":124,"column":16},"end":{"line":124,"column":null}},"70":{"start":{"line":125,"column":16},"end":{"line":125,"column":22}},"71":{"start":{"line":127,"column":12},"end":{"line":127,"column":null}},"72":{"start":{"line":127,"column":69},"end":{"line":127,"column":91}},"73":{"start":{"line":128,"column":12},"end":{"line":128,"column":null}},"74":{"start":{"line":129,"column":12},"end":{"line":129,"column":null}},"75":{"start":{"line":131,"column":12},"end":{"line":131,"column":null}},"76":{"start":{"line":132,"column":12},"end":{"line":132,"column":18}},"77":{"start":{"line":137,"column":16},"end":{"line":192,"column":null}},"78":{"start":{"line":137,"column":49},"end":{"line":192,"column":null}},"79":{"start":{"line":138,"column":25},"end":{"line":138,"column":46}},"80":{"start":{"line":139,"column":4},"end":{"line":143,"column":5}},"81":{"start":{"line":141,"column":8},"end":{"line":141,"column":null}},"82":{"start":{"line":142,"column":8},"end":{"line":142,"column":14}},"83":{"start":{"line":144,"column":4},"end":{"line":148,"column":5}},"84":{"start":{"line":146,"column":8},"end":{"line":146,"column":null}},"85":{"start":{"line":147,"column":8},"end":{"line":147,"column":14}},"86":{"start":{"line":150,"column":4},"end":{"line":190,"column":null}},"87":{"start":{"line":150,"column":80},"end":{"line":190,"column":6}},"88":{"start":{"line":151,"column":8},"end":{"line":154,"column":9}},"89":{"start":{"line":152,"column":12},"end":{"line":152,"column":null}},"90":{"start":{"line":153,"column":12},"end":{"line":153,"column":18}},"91":{"start":{"line":155,"column":8},"end":{"line":189,"column":9}},"92":{"start":{"line":156,"column":28},"end":{"line":156,"column":43}},"93":{"start":{"line":157,"column":25},"end":{"line":157,"column":67}},"94":{"start":{"line":158,"column":12},"end":{"line":161,"column":13}},"95":{"start":{"line":159,"column":16},"end":{"line":159,"column":null}},"96":{"start":{"line":160,"column":16},"end":{"line":160,"column":22}},"97":{"start":{"line":162,"column":12},"end":{"line":167,"column":13}},"98":{"start":{"line":163,"column":16},"end":{"line":163,"column":null}},"99":{"start":{"line":164,"column":16},"end":{"line":164,"column":null}},"100":{"start":{"line":165,"column":16},"end":{"line":165,"column":null}},"101":{"start":{"line":166,"column":16},"end":{"line":166,"column":22}},"102":{"start":{"line":168,"column":30},"end":{"line":168,"column":65}},"103":{"start":{"line":169,"column":12},"end":{"line":174,"column":13}},"104":{"start":{"line":170,"column":16},"end":{"line":170,"column":null}},"105":{"start":{"line":171,"column":16},"end":{"line":171,"column":null}},"106":{"start":{"line":172,"column":16},"end":{"line":172,"column":null}},"107":{"start":{"line":173,"column":16},"end":{"line":173,"column":22}},"108":{"start":{"line":175,"column":12},"end":{"line":178,"column":13}},"109":{"start":{"line":176,"column":16},"end":{"line":176,"column":null}},"110":{"start":{"line":177,"column":16},"end":{"line":177,"column":22}},"111":{"start":{"line":179,"column":12},"end":{"line":179,"column":null}},"112":{"start":{"line":179,"column":69},"end":{"line":179,"column":91}},"113":{"start":{"line":180,"column":12},"end":{"line":180,"column":null}},"114":{"start":{"line":181,"column":12},"end":{"line":181,"column":null}},"115":{"start":{"line":182,"column":12},"end":{"line":185,"column":null}},"116":{"start":{"line":187,"column":12},"end":{"line":187,"column":null}},"117":{"start":{"line":188,"column":12},"end":{"line":188,"column":18}},"118":{"start":{"line":198,"column":30},"end":{"line":221,"column":1}},"119":{"start":{"line":199,"column":26},"end":{"line":199,"column":53}},"120":{"start":{"line":200,"column":18},"end":{"line":200,"column":62}},"121":{"start":{"line":201,"column":4},"end":{"line":205,"column":5}},"122":{"start":{"line":203,"column":8},"end":{"line":203,"column":null}},"123":{"start":{"line":204,"column":8},"end":{"line":204,"column":14}},"124":{"start":{"line":206,"column":4},"end":{"line":210,"column":5}},"125":{"start":{"line":208,"column":8},"end":{"line":208,"column":null}},"126":{"start":{"line":209,"column":8},"end":{"line":209,"column":14}},"127":{"start":{"line":211,"column":4},"end":{"line":218,"column":null}},"128":{"start":{"line":212,"column":8},"end":{"line":215,"column":9}},"129":{"start":{"line":213,"column":12},"end":{"line":213,"column":null}},"130":{"start":{"line":214,"column":12},"end":{"line":214,"column":18}},"131":{"start":{"line":216,"column":8},"end":{"line":216,"column":null}},"132":{"start":{"line":217,"column":8},"end":{"line":217,"column":null}},"133":{"start":{"line":198,"column":13},"end":{"line":198,"column":30}},"134":{"start":{"line":223,"column":0},"end":{"line":228,"column":null}}},"fnMap":{"0":{"name":"(anonymous_8)","decl":{"start":{"line":7,"column":30},"end":{"line":7,"column":31}},"loc":{"start":{"line":7,"column":92},"end":{"line":33,"column":1}}},"1":{"name":"(anonymous_9)","decl":{"start":{"line":35,"column":17},"end":{"line":35,"column":23}},"loc":{"start":{"line":35,"column":50},"end":{"line":47,"column":null}}},"2":{"name":"(anonymous_10)","decl":{"start":{"line":35,"column":50},"end":{"line":35,"column":null}},"loc":{"start":{"line":35,"column":50},"end":{"line":47,"column":1}}},"3":{"name":"(anonymous_11)","decl":{"start":{"line":49,"column":15},"end":{"line":49,"column":21}},"loc":{"start":{"line":49,"column":48},"end":{"line":87,"column":null}}},"4":{"name":"(anonymous_12)","decl":{"start":{"line":49,"column":48},"end":{"line":49,"column":null}},"loc":{"start":{"line":49,"column":48},"end":{"line":87,"column":1}}},"5":{"name":"(anonymous_13)","decl":{"start":{"line":89,"column":15},"end":{"line":89,"column":21}},"loc":{"start":{"line":89,"column":48},"end":{"line":135,"column":null}}},"6":{"name":"(anonymous_14)","decl":{"start":{"line":89,"column":48},"end":{"line":89,"column":null}},"loc":{"start":{"line":89,"column":48},"end":{"line":135,"column":1}}},"7":{"name":"(anonymous_15)","decl":{"start":{"line":102,"column":53},"end":{"line":102,"column":60}},"loc":{"start":{"line":102,"column":79},"end":{"line":134,"column":6}}},"8":{"name":"(anonymous_16)","decl":{"start":{"line":102,"column":79},"end":{"line":102,"column":null}},"loc":{"start":{"line":102,"column":79},"end":{"line":134,"column":5}}},"9":{"name":"(anonymous_17)","decl":{"start":{"line":127,"column":59},"end":{"line":127,"column":60}},"loc":{"start":{"line":127,"column":69},"end":{"line":127,"column":91}}},"10":{"name":"(anonymous_18)","decl":{"start":{"line":137,"column":16},"end":{"line":137,"column":22}},"loc":{"start":{"line":137,"column":49},"end":{"line":192,"column":null}}},"11":{"name":"(anonymous_19)","decl":{"start":{"line":137,"column":49},"end":{"line":137,"column":null}},"loc":{"start":{"line":137,"column":49},"end":{"line":192,"column":1}}},"12":{"name":"(anonymous_20)","decl":{"start":{"line":150,"column":54},"end":{"line":150,"column":61}},"loc":{"start":{"line":150,"column":80},"end":{"line":190,"column":6}}},"13":{"name":"(anonymous_21)","decl":{"start":{"line":150,"column":80},"end":{"line":150,"column":null}},"loc":{"start":{"line":150,"column":80},"end":{"line":190,"column":5}}},"14":{"name":"(anonymous_22)","decl":{"start":{"line":179,"column":59},"end":{"line":179,"column":60}},"loc":{"start":{"line":179,"column":69},"end":{"line":179,"column":91}}},"15":{"name":"(anonymous_23)","decl":{"start":{"line":198,"column":30},"end":{"line":198,"column":31}},"loc":{"start":{"line":198,"column":76},"end":{"line":221,"column":1}}},"16":{"name":"(anonymous_24)","decl":{"start":{"line":211,"column":46},"end":{"line":211,"column":47}},"loc":{"start":{"line":211,"column":61},"end":{"line":218,"column":5}}}},"branchMap":{"0":{"loc":{"start":{"line":9,"column":4},"end":{"line":12,"column":9}},"type":"if","locations":[{"start":{"line":9,"column":4},"end":{"line":12,"column":9}}]},"1":{"loc":{"start":{"line":52,"column":8},"end":{"line":55,"column":9}},"type":"if","locations":[{"start":{"line":52,"column":8},"end":{"line":55,"column":9}}]},"2":{"loc":{"start":{"line":57,"column":8},"end":{"line":61,"column":9}},"type":"if","locations":[{"start":{"line":57,"column":8},"end":{"line":61,"column":9}}]},"3":{"loc":{"start":{"line":65,"column":8},"end":{"line":68,"column":9}},"type":"if","locations":[{"start":{"line":65,"column":8},"end":{"line":68,"column":9}}]},"4":{"loc":{"start":{"line":70,"column":8},"end":{"line":75,"column":9}},"type":"if","locations":[{"start":{"line":70,"column":8},"end":{"line":75,"column":9}}]},"5":{"loc":{"start":{"line":70,"column":11},"end":{"line":70,"column":72}},"type":"binary-expr","locations":[{"start":{"line":70,"column":11},"end":{"line":70,"column":42}},{"start":{"line":70,"column":46},"end":{"line":70,"column":72}}]},"6":{"loc":{"start":{"line":91,"column":4},"end":{"line":95,"column":5}},"type":"if","locations":[{"start":{"line":91,"column":4},"end":{"line":95,"column":5}}]},"7":{"loc":{"start":{"line":97,"column":4},"end":{"line":101,"column":5}},"type":"if","locations":[{"start":{"line":97,"column":4},"end":{"line":101,"column":5}}]},"8":{"loc":{"start":{"line":103,"column":8},"end":{"line":106,"column":9}},"type":"if","locations":[{"start":{"line":103,"column":8},"end":{"line":106,"column":9}}]},"9":{"loc":{"start":{"line":110,"column":12},"end":{"line":113,"column":13}},"type":"if","locations":[{"start":{"line":110,"column":12},"end":{"line":113,"column":13}}]},"10":{"loc":{"start":{"line":114,"column":12},"end":{"line":119,"column":13}},"type":"if","locations":[{"start":{"line":114,"column":12},"end":{"line":119,"column":13}}]},"11":{"loc":{"start":{"line":120,"column":12},"end":{"line":126,"column":13}},"type":"if","locations":[{"start":{"line":120,"column":12},"end":{"line":126,"column":13}}]},"12":{"loc":{"start":{"line":139,"column":4},"end":{"line":143,"column":5}},"type":"if","locations":[{"start":{"line":139,"column":4},"end":{"line":143,"column":5}}]},"13":{"loc":{"start":{"line":144,"column":4},"end":{"line":148,"column":5}},"type":"if","locations":[{"start":{"line":144,"column":4},"end":{"line":148,"column":5}}]},"14":{"loc":{"start":{"line":151,"column":8},"end":{"line":154,"column":9}},"type":"if","locations":[{"start":{"line":151,"column":8},"end":{"line":154,"column":9}}]},"15":{"loc":{"start":{"line":158,"column":12},"end":{"line":161,"column":13}},"type":"if","locations":[{"start":{"line":158,"column":12},"end":{"line":161,"column":13}}]},"16":{"loc":{"start":{"line":162,"column":12},"end":{"line":167,"column":13}},"type":"if","locations":[{"start":{"line":162,"column":12},"end":{"line":167,"column":13}}]},"17":{"loc":{"start":{"line":162,"column":15},"end":{"line":162,"column":114}},"type":"binary-expr","locations":[{"start":{"line":162,"column":15},"end":{"line":162,"column":34}},{"start":{"line":162,"column":38},"end":{"line":162,"column":80}},{"start":{"line":162,"column":83},"end":{"line":162,"column":114}}]},"18":{"loc":{"start":{"line":169,"column":12},"end":{"line":174,"column":13}},"type":"if","locations":[{"start":{"line":169,"column":12},"end":{"line":174,"column":13}}]},"19":{"loc":{"start":{"line":175,"column":12},"end":{"line":178,"column":13}},"type":"if","locations":[{"start":{"line":175,"column":12},"end":{"line":178,"column":13}}]},"20":{"loc":{"start":{"line":200,"column":18},"end":{"line":200,"column":62}},"type":"binary-expr","locations":[{"start":{"line":200,"column":18},"end":{"line":200,"column":31}},{"start":{"line":200,"column":35},"end":{"line":200,"column":62}}]},"21":{"loc":{"start":{"line":201,"column":4},"end":{"line":205,"column":5}},"type":"if","locations":[{"start":{"line":201,"column":4},"end":{"line":205,"column":5}}]},"22":{"loc":{"start":{"line":206,"column":4},"end":{"line":210,"column":5}},"type":"if","locations":[{"start":{"line":206,"column":4},"end":{"line":210,"column":5}}]},"23":{"loc":{"start":{"line":212,"column":8},"end":{"line":215,"column":9}},"type":"if","locations":[{"start":{"line":212,"column":8},"end":{"line":215,"column":9}}]}},"s":{"0":3,"1":3,"2":3,"3":3,"4":7,"5":0,"6":7,"7":7,"8":7,"9":7,"10":3,"11":3,"12":6,"13":6,"14":6,"15":6,"16":5,"17":1,"18":5,"19":3,"20":8,"21":8,"22":8,"23":8,"24":1,"25":1,"26":7,"27":7,"28":1,"29":1,"30":6,"31":6,"32":1,"33":1,"34":5,"35":0,"36":0,"37":5,"38":5,"39":5,"40":0,"41":3,"42":6,"43":6,"44":6,"45":1,"46":1,"47":5,"48":1,"49":1,"50":4,"51":4,"52":4,"53":1,"54":1,"55":3,"56":3,"57":3,"58":3,"59":0,"60":0,"61":3,"62":1,"63":1,"64":0,"65":0,"66":2,"67":1,"68":1,"69":1,"70":1,"71":1,"72":1,"73":1,"74":1,"75":1,"76":1,"77":3,"78":4,"79":4,"80":4,"81":0,"82":0,"83":4,"84":0,"85":0,"86":4,"87":4,"88":4,"89":0,"90":0,"91":4,"92":4,"93":4,"94":4,"95":0,"96":0,"97":4,"98":2,"99":2,"100":2,"101":2,"102":2,"103":2,"104":0,"105":0,"106":0,"107":0,"108":2,"109":0,"110":0,"111":2,"112":2,"113":2,"114":2,"115":2,"116":0,"117":0,"118":3,"119":9,"120":9,"121":9,"122":2,"123":2,"124":7,"125":0,"126":0,"127":7,"128":7,"129":1,"130":1,"131":6,"132":6,"133":3,"134":3},"f":{"0":7,"1":6,"2":6,"3":8,"4":8,"5":6,"6":6,"7":4,"8":4,"9":1,"10":4,"11":4,"12":4,"13":4,"14":2,"15":9,"16":7},"b":{"0":[0],"1":[1],"2":[1],"3":[1],"4":[0],"5":[5,5],"6":[1],"7":[1],"8":[1],"9":[0],"10":[1],"11":[1],"12":[0],"13":[0],"14":[0],"15":[0],"16":[2],"17":[4,4,2],"18":[0],"19":[0],"20":[9,7],"21":[2],"22":[0],"23":[1]}}
,"C:\\Users\\eliav\\myapp1\\Task2EY\\AdvancedApps2\\src\\controllers\\base_controller.ts": {"path":"C:\\Users\\eliav\\myapp1\\Task2EY\\AdvancedApps2\\src\\controllers\\base_controller.ts","statementMap":{"0":{"start":{"line":11,"column":8},"end":{"line":11,"column":null}},"1":{"start":{"line":15,"column":28},"end":{"line":15,"column":43}},"2":{"start":{"line":16,"column":4},"end":{"line":27,"column":5}},"3":{"start":{"line":17,"column":6},"end":{"line":23,"column":7}},"4":{"start":{"line":18,"column":22},"end":{"line":18,"column":67}},"5":{"start":{"line":19,"column":8},"end":{"line":19,"column":36}},"6":{"start":{"line":21,"column":22},"end":{"line":21,"column":45}},"7":{"start":{"line":22,"column":8},"end":{"line":22,"column":36}},"8":{"start":{"line":25,"column":6},"end":{"line":25,"column":23}},"9":{"start":{"line":26,"column":6},"end":{"line":26,"column":32}},"10":{"start":{"line":31,"column":8},"end":{"line":40,"column":9}},"11":{"start":{"line":32,"column":25},"end":{"line":32,"column":65}},"12":{"start":{"line":33,"column":12},"end":{"line":37,"column":13}},"13":{"start":{"line":34,"column":16},"end":{"line":34,"column":43}},"14":{"start":{"line":36,"column":16},"end":{"line":36,"column":50}},"15":{"start":{"line":39,"column":12},"end":{"line":39,"column":40}},"16":{"start":{"line":44,"column":26},"end":{"line":44,"column":35}},"17":{"start":{"line":45,"column":8},"end":{"line":53,"column":9}},"18":{"start":{"line":46,"column":25},"end":{"line":46,"column":48}},"19":{"start":{"line":47,"column":12},"end":{"line":47,"column":null}},"20":{"start":{"line":51,"column":25},"end":{"line":51,"column":61}},"21":{"start":{"line":52,"column":12},"end":{"line":52,"column":null}},"22":{"start":{"line":58,"column":16},"end":{"line":58,"column":24}},"23":{"start":{"line":59,"column":4},"end":{"line":62,"column":50}},"24":{"start":{"line":60,"column":20},"end":{"line":60,"column":49}},"25":{"start":{"line":61,"column":8},"end":{"line":61,"column":35}},"26":{"start":{"line":62,"column":22},"end":{"line":62,"column":50}},"27":{"start":{"line":67,"column":8},"end":{"line":67,"column":null}},"28":{"start":{"line":68,"column":8},"end":{"line":68,"column":null}},"29":{"start":{"line":72,"column":8},"end":{"line":72,"column":null}},"30":{"start":{"line":73,"column":8},"end":{"line":73,"column":null}},"31":{"start":{"line":77,"column":21},"end":{"line":77,"column":29}},"32":{"start":{"line":78,"column":8},"end":{"line":78,"column":null}},"33":{"start":{"line":79,"column":8},"end":{"line":79,"column":null}},"34":{"start":{"line":6,"column":0},"end":{"line":6,"column":13}},"35":{"start":{"line":83,"column":25},"end":{"line":85,"column":1}},"36":{"start":{"line":84,"column":4},"end":{"line":84,"column":null}},"37":{"start":{"line":87,"column":0},"end":{"line":87,"column":null}}},"fnMap":{"0":{"name":"(anonymous_7)","decl":{"start":{"line":9,"column":4},"end":{"line":9,"column":16}},"loc":{"start":{"line":9,"column":30},"end":{"line":12,"column":5}}},"1":{"name":"(anonymous_8)","decl":{"start":{"line":14,"column":10},"end":{"line":14,"column":16}},"loc":{"start":{"line":14,"column":41},"end":{"line":28,"column":4}}},"2":{"name":"(anonymous_10)","decl":{"start":{"line":30,"column":10},"end":{"line":30,"column":17}},"loc":{"start":{"line":30,"column":45},"end":{"line":41,"column":6}}},"3":{"name":"(anonymous_12)","decl":{"start":{"line":43,"column":10},"end":{"line":43,"column":21}},"loc":{"start":{"line":43,"column":46},"end":{"line":55,"column":6}}},"4":{"name":"(anonymous_14)","decl":{"start":{"line":57,"column":10},"end":{"line":57,"column":16}},"loc":{"start":{"line":57,"column":41},"end":{"line":64,"column":6}}},"5":{"name":"(anonymous_16)","decl":{"start":{"line":66,"column":10},"end":{"line":66,"column":20}},"loc":{"start":{"line":66,"column":45},"end":{"line":69,"column":6}}},"6":{"name":"(anonymous_18)","decl":{"start":{"line":71,"column":10},"end":{"line":71,"column":19}},"loc":{"start":{"line":71,"column":44},"end":{"line":74,"column":null}}},"7":{"name":"(anonymous_20)","decl":{"start":{"line":76,"column":10},"end":{"line":76,"column":16}},"loc":{"start":{"line":76,"column":41},"end":{"line":80,"column":null}}},"8":{"name":"(anonymous_22)","decl":{"start":{"line":83,"column":25},"end":{"line":83,"column":29}},"loc":{"start":{"line":83,"column":46},"end":{"line":85,"column":1}}}},"branchMap":{"0":{"loc":{"start":{"line":17,"column":6},"end":{"line":23,"column":7}},"type":"if","locations":[{"start":{"line":17,"column":6},"end":{"line":23,"column":7}},{"start":{"line":20,"column":13},"end":{"line":23,"column":7}}]},"1":{"loc":{"start":{"line":33,"column":12},"end":{"line":37,"column":13}},"type":"if","locations":[{"start":{"line":33,"column":12},"end":{"line":37,"column":13}},{"start":{"line":35,"column":19},"end":{"line":37,"column":13}}]},"2":{"loc":{"start":{"line":45,"column":8},"end":{"line":53,"column":9}},"type":"if","locations":[{"start":{"line":45,"column":8},"end":{"line":53,"column":9}},{"start":{"line":50,"column":8},"end":{"line":53,"column":9}}]}},"s":{"0":6,"1":5,"2":5,"3":5,"4":1,"5":1,"6":4,"7":4,"8":0,"9":0,"10":3,"11":3,"12":3,"13":2,"14":1,"15":0,"16":0,"17":0,"18":0,"19":0,"20":0,"21":0,"22":5,"23":5,"24":5,"25":4,"26":1,"27":1,"28":1,"29":0,"30":0,"31":0,"32":0,"33":0,"34":3,"35":3,"36":0,"37":3},"f":{"0":6,"1":5,"2":3,"3":0,"4":5,"5":1,"6":0,"7":0,"8":0},"b":{"0":[1,4],"1":[2,1],"2":[0,0]}}
,"C:\\Users\\eliav\\myapp1\\Task2EY\\AdvancedApps2\\src\\controllers\\comments_controller.ts": {"path":"C:\\Users\\eliav\\myapp1\\Task2EY\\AdvancedApps2\\src\\controllers\\comments_controller.ts","statementMap":{"0":{"start":{"line":3,"column":0},"end":{"line":3,"column":62}},"1":{"start":{"line":4,"column":0},"end":{"line":4,"column":50}},"2":{"start":{"line":8,"column":8},"end":{"line":8,"column":null}},"3":{"start":{"line":12,"column":23},"end":{"line":12,"column":38}},"4":{"start":{"line":13,"column":21},"end":{"line":15,"column":null}},"5":{"start":{"line":17,"column":8},"end":{"line":17,"column":null}},"6":{"start":{"line":18,"column":8},"end":{"line":18,"column":29}},"7":{"start":{"line":22,"column":21},"end":{"line":22,"column":29}},"8":{"start":{"line":23,"column":8},"end":{"line":23,"column":null}},"9":{"start":{"line":24,"column":8},"end":{"line":24,"column":null}},"10":{"start":{"line":29,"column":0},"end":{"line":29,"column":40}}},"fnMap":{"0":{"name":"(anonymous_8)","decl":{"start":{"line":7,"column":4},"end":{"line":7,"column":null}},"loc":{"start":{"line":7,"column":4},"end":{"line":9,"column":5}}},"1":{"name":"(anonymous_9)","decl":{"start":{"line":11,"column":10},"end":{"line":11,"column":16}},"loc":{"start":{"line":11,"column":41},"end":{"line":19,"column":6}}},"2":{"name":"(anonymous_12)","decl":{"start":{"line":21,"column":10},"end":{"line":21,"column":16}},"loc":{"start":{"line":21,"column":41},"end":{"line":25,"column":null}}}},"branchMap":{},"s":{"0":3,"1":3,"2":3,"3":1,"4":1,"5":1,"6":1,"7":0,"8":0,"9":0,"10":3},"f":{"0":3,"1":1,"2":0},"b":{}}
,"C:\\Users\\eliav\\myapp1\\Task2EY\\AdvancedApps2\\src\\controllers\\post_controller.ts": {"path":"C:\\Users\\eliav\\myapp1\\Task2EY\\AdvancedApps2\\src\\controllers\\post_controller.ts","statementMap":{"0":{"start":{"line":2,"column":0},"end":{"line":2,"column":56}},"1":{"start":{"line":3,"column":0},"end":{"line":3,"column":48}},"2":{"start":{"line":8,"column":8},"end":{"line":8,"column":null}},"3":{"start":{"line":12,"column":23},"end":{"line":12,"column":40}},"4":{"start":{"line":13,"column":18},"end":{"line":15,"column":null}},"5":{"start":{"line":17,"column":8},"end":{"line":17,"column":null}},"6":{"start":{"line":18,"column":8},"end":{"line":18,"column":29}},"7":{"start":{"line":22,"column":0},"end":{"line":22,"column":null}}},"fnMap":{"0":{"name":"(anonymous_8)","decl":{"start":{"line":7,"column":4},"end":{"line":7,"column":null}},"loc":{"start":{"line":7,"column":4},"end":{"line":9,"column":5}}},"1":{"name":"(anonymous_9)","decl":{"start":{"line":11,"column":10},"end":{"line":11,"column":16}},"loc":{"start":{"line":11,"column":41},"end":{"line":19,"column":6}}}},"branchMap":{},"s":{"0":3,"1":3,"2":3,"3":4,"4":4,"5":4,"6":4,"7":3},"f":{"0":3,"1":4},"b":{}}
,"C:\\Users\\eliav\\myapp1\\Task2EY\\AdvancedApps2\\src\\models\\comments_model.ts": {"path":"C:\\Users\\eliav\\myapp1\\Task2EY\\AdvancedApps2\\src\\models\\comments_model.ts","statementMap":{"0":{"start":{"line":2,"column":0},"end":{"line":2,"column":31}},"1":{"start":{"line":9,"column":21},"end":{"line":19,"column":2}},"2":{"start":{"line":21,"column":19},"end":{"line":21,"column":69}},"3":{"start":{"line":23,"column":0},"end":{"line":23,"column":28}}},"fnMap":{},"branchMap":{},"s":{"0":3,"1":3,"2":3,"3":3},"f":{},"b":{}}
,"C:\\Users\\eliav\\myapp1\\Task2EY\\AdvancedApps2\\src\\models\\posts_model.ts": {"path":"C:\\Users\\eliav\\myapp1\\Task2EY\\AdvancedApps2\\src\\models\\posts_model.ts","statementMap":{"0":{"start":{"line":2,"column":0},"end":{"line":2,"column":31}},"1":{"start":{"line":10,"column":18},"end":{"line":20,"column":2}},"2":{"start":{"line":21,"column":16},"end":{"line":21,"column":56}},"3":{"start":{"line":23,"column":0},"end":{"line":23,"column":25}}},"fnMap":{},"branchMap":{},"s":{"0":3,"1":3,"2":3,"3":3},"f":{},"b":{}}
,"C:\\Users\\eliav\\myapp1\\Task2EY\\AdvancedApps2\\src\\models\\users_model.ts": {"path":"C:\\Users\\eliav\\myapp1\\Task2EY\\AdvancedApps2\\src\\models\\users_model.ts","statementMap":{"0":{"start":{"line":2,"column":0},"end":{"line":2,"column":31}},"1":{"start":{"line":11,"column":18},"end":{"line":23,"column":2}},"2":{"start":{"line":24,"column":16},"end":{"line":24,"column":57}},"3":{"start":{"line":26,"column":0},"end":{"line":26,"column":25}}},"fnMap":{},"branchMap":{},"s":{"0":3,"1":3,"2":3,"3":3},"f":{},"b":{}}
,"C:\\Users\\eliav\\myapp1\\Task2EY\\AdvancedApps2\\src\\routes\\auth_routes.ts": {"path":"C:\\Users\\eliav\\myapp1\\Task2EY\\AdvancedApps2\\src\\routes\\auth_routes.ts","statementMap":{"0":{"start":{"line":1,"column":0},"end":{"line":1,"column":30}},"1":{"start":{"line":2,"column":14},"end":{"line":2,"column":30}},"2":{"start":{"line":3,"column":0},"end":{"line":3,"column":59}},"3":{"start":{"line":67,"column":0},"end":{"line":67,"column":50}},"4":{"start":{"line":91,"column":0},"end":{"line":91,"column":44}},"5":{"start":{"line":116,"column":0},"end":{"line":116,"column":46}},"6":{"start":{"line":139,"column":0},"end":{"line":139,"column":48}},"7":{"start":{"line":140,"column":0},"end":{"line":140,"column":null}}},"fnMap":{},"branchMap":{},"s":{"0":3,"1":3,"2":3,"3":3,"4":3,"5":3,"6":3,"7":3},"f":{},"b":{}}
,"C:\\Users\\eliav\\myapp1\\Task2EY\\AdvancedApps2\\src\\routes\\comments_routes.ts": {"path":"C:\\Users\\eliav\\myapp1\\Task2EY\\AdvancedApps2\\src\\routes\\comments_routes.ts","statementMap":{"0":{"start":{"line":1,"column":0},"end":{"line":1,"column":30}},"1":{"start":{"line":2,"column":14},"end":{"line":2,"column":30}},"2":{"start":{"line":3,"column":0},"end":{"line":3,"column":67}},"3":{"start":{"line":4,"column":0},"end":{"line":4,"column":64}},"4":{"start":{"line":60,"column":0},"end":{"line":60,"column":68}},"5":{"start":{"line":87,"column":0},"end":{"line":87,"column":72}},"6":{"start":{"line":125,"column":0},"end":{"line":125,"column":83}},"7":{"start":{"line":166,"column":0},"end":{"line":166,"column":null}},"8":{"start":{"line":183,"column":0},"end":{"line":183,"column":88}},"9":{"start":{"line":211,"column":0},"end":{"line":211,"column":92}},"10":{"start":{"line":214,"column":0},"end":{"line":214,"column":null}}},"fnMap":{},"branchMap":{},"s":{"0":3,"1":3,"2":3,"3":3,"4":3,"5":3,"6":3,"7":3,"8":3,"9":3,"10":3},"f":{},"b":{}}
,"C:\\Users\\eliav\\myapp1\\Task2EY\\AdvancedApps2\\src\\routes\\posts_routes.ts": {"path":"C:\\Users\\eliav\\myapp1\\Task2EY\\AdvancedApps2\\src\\routes\\posts_routes.ts","statementMap":{"0":{"start":{"line":1,"column":0},"end":{"line":1,"column":30}},"1":{"start":{"line":2,"column":14},"end":{"line":2,"column":30}},"2":{"start":{"line":3,"column":0},"end":{"line":3,"column":59}},"3":{"start":{"line":4,"column":0},"end":{"line":4,"column":64}},"4":{"start":{"line":58,"column":0},"end":{"line":58,"column":60}},"5":{"start":{"line":84,"column":0},"end":{"line":84,"column":64}},"6":{"start":{"line":117,"column":0},"end":{"line":117,"column":75}},"7":{"start":{"line":160,"column":0},"end":{"line":160,"column":79}},"8":{"start":{"line":179,"column":0},"end":{"line":179,"column":80}},"9":{"start":{"line":203,"column":0},"end":{"line":203,"column":84}},"10":{"start":{"line":206,"column":0},"end":{"line":206,"column":null}}},"fnMap":{},"branchMap":{},"s":{"0":3,"1":3,"2":3,"3":3,"4":3,"5":3,"6":3,"7":3,"8":3,"9":3,"10":3},"f":{},"b":{}}
}
