TN:
SF:src\server.ts
FN:36,(anonymous_1)
FN:37,(anonymous_2)
FN:40,(anonymous_3)
FN:41,(anonymous_4)
FN:49,(anonymous_5)
FNF:5
FNH:4
FNDA:3,(anonymous_1)
FNDA:3,(anonymous_2)
FNDA:0,(anonymous_3)
FNDA:3,(anonymous_4)
FNDA:3,(anonymous_5)
DA:1,3
DA:2,3
DA:3,3
DA:4,3
DA:5,3
DA:6,3
DA:7,3
DA:8,3
DA:9,3
DA:10,3
DA:11,3
DA:13,3
DA:26,3
DA:27,3
DA:30,3
DA:31,3
DA:32,3
DA:33,3
DA:34,3
DA:36,3
DA:37,3
DA:39,3
DA:40,3
DA:41,3
DA:43,3
DA:45,0
DA:46,0
DA:49,3
DA:50,3
DA:58,3
LF:30
LH:28
BRDA:43,0,0,0
BRDA:43,0,1,3
BRF:2
BRH:1
end_of_record
TN:
SF:src\controllers\auth_controller.ts
FN:7,(anonymous_8)
FN:35,(anonymous_9)
FN:35,(anonymous_10)
FN:49,(anonymous_11)
FN:49,(anonymous_12)
FN:89,(anonymous_13)
FN:89,(anonymous_14)
FN:102,(anonymous_15)
FN:102,(anonymous_16)
FN:127,(anonymous_17)
FN:137,(anonymous_18)
FN:137,(anonymous_19)
FN:150,(anonymous_20)
FN:150,(anonymous_21)
FN:179,(anonymous_22)
FN:198,(anonymous_23)
FN:211,(anonymous_24)
FNF:17
FNH:17
FNDA:7,(anonymous_8)
FNDA:6,(anonymous_9)
FNDA:6,(anonymous_10)
FNDA:8,(anonymous_11)
FNDA:8,(anonymous_12)
FNDA:6,(anonymous_13)
FNDA:6,(anonymous_14)
FNDA:4,(anonymous_15)
FNDA:4,(anonymous_16)
FNDA:1,(anonymous_17)
FNDA:4,(anonymous_18)
FNDA:4,(anonymous_19)
FNDA:4,(anonymous_20)
FNDA:4,(anonymous_21)
FNDA:2,(anonymous_22)
FNDA:9,(anonymous_23)
FNDA:7,(anonymous_24)
DA:2,3
DA:3,3
DA:4,3
DA:7,3
DA:9,7
DA:11,0
DA:13,7
DA:14,7
DA:22,7
DA:29,7
DA:35,6
DA:36,6
DA:37,6
DA:38,6
DA:39,5
DA:43,1
DA:45,5
DA:49,8
DA:50,8
DA:51,8
DA:52,8
DA:53,1
DA:54,1
DA:56,7
DA:57,7
DA:59,1
DA:60,1
DA:63,6
DA:65,6
DA:66,1
DA:67,1
DA:70,5
DA:73,0
DA:74,0
DA:76,5
DA:77,5
DA:79,5
DA:85,0
DA:89,6
DA:90,6
DA:91,6
DA:93,1
DA:94,1
DA:97,5
DA:99,1
DA:100,1
DA:102,4
DA:103,4
DA:104,1
DA:105,1
DA:107,3
DA:108,3
DA:109,3
DA:110,3
DA:111,0
DA:112,0
DA:114,3
DA:115,1
DA:116,1
DA:117,0
DA:118,0
DA:120,2
DA:122,1
DA:123,1
DA:124,1
DA:125,1
DA:127,1
DA:128,1
DA:129,1
DA:131,1
DA:132,1
DA:137,4
DA:138,4
DA:139,4
DA:141,0
DA:142,0
DA:144,4
DA:146,0
DA:147,0
DA:150,4
DA:151,4
DA:152,0
DA:153,0
DA:155,4
DA:156,4
DA:157,4
DA:158,4
DA:159,0
DA:160,0
DA:162,4
DA:163,2
DA:164,2
DA:165,2
DA:166,2
DA:168,2
DA:169,2
DA:170,0
DA:171,0
DA:172,0
DA:173,0
DA:175,2
DA:176,0
DA:177,0
DA:179,2
DA:180,2
DA:181,2
DA:182,2
DA:187,0
DA:188,0
DA:198,3
DA:199,9
DA:200,9
DA:201,9
DA:203,2
DA:204,2
DA:206,7
DA:208,0
DA:209,0
DA:211,7
DA:212,7
DA:213,1
DA:214,1
DA:216,6
DA:217,6
DA:223,3
LF:125
LH:99
BRDA:9,0,0,0
BRDA:52,1,0,1
BRDA:57,2,0,1
BRDA:65,3,0,1
BRDA:70,4,0,0
BRDA:70,5,0,5
BRDA:70,5,1,5
BRDA:91,6,0,1
BRDA:97,7,0,1
BRDA:103,8,0,1
BRDA:110,9,0,0
BRDA:114,10,0,1
BRDA:120,11,0,1
BRDA:139,12,0,0
BRDA:144,13,0,0
BRDA:151,14,0,0
BRDA:158,15,0,0
BRDA:162,16,0,2
BRDA:162,17,0,4
BRDA:162,17,1,4
BRDA:162,17,2,2
BRDA:169,18,0,0
BRDA:175,19,0,0
BRDA:200,20,0,9
BRDA:200,20,1,7
BRDA:201,21,0,2
BRDA:206,22,0,0
BRDA:212,23,0,1
BRF:28
BRH:18
end_of_record
TN:
SF:src\controllers\base_controller.ts
FN:9,(anonymous_7)
FN:14,(anonymous_8)
FN:30,(anonymous_10)
FN:43,(anonymous_12)
FN:57,(anonymous_14)
FN:66,(anonymous_16)
FN:71,(anonymous_18)
FN:76,(anonymous_20)
FN:83,(anonymous_22)
FNF:9
FNH:5
FNDA:6,(anonymous_7)
FNDA:5,(anonymous_8)
FNDA:3,(anonymous_10)
FNDA:0,(anonymous_12)
FNDA:5,(anonymous_14)
FNDA:1,(anonymous_16)
FNDA:0,(anonymous_18)
FNDA:0,(anonymous_20)
FNDA:0,(anonymous_22)
DA:6,3
DA:11,6
DA:15,5
DA:16,5
DA:17,5
DA:18,1
DA:19,1
DA:21,4
DA:22,4
DA:25,0
DA:26,0
DA:31,3
DA:32,3
DA:33,3
DA:34,2
DA:36,1
DA:39,0
DA:44,0
DA:45,0
DA:46,0
DA:47,0
DA:51,0
DA:52,0
DA:58,5
DA:59,5
DA:60,5
DA:61,4
DA:62,1
DA:67,1
DA:68,1
DA:72,0
DA:73,0
DA:77,0
DA:78,0
DA:79,0
DA:83,3
DA:84,0
DA:87,3
LF:38
LH:23
BRDA:17,0,0,1
BRDA:17,0,1,4
BRDA:33,1,0,2
BRDA:33,1,1,1
BRDA:45,2,0,0
BRDA:45,2,1,0
BRF:6
BRH:4
end_of_record
TN:
SF:src\controllers\comments_controller.ts
FN:7,(anonymous_8)
FN:11,(anonymous_9)
FN:21,(anonymous_12)
FNF:3
FNH:2
FNDA:3,(anonymous_8)
FNDA:1,(anonymous_9)
FNDA:0,(anonymous_12)
DA:3,3
DA:4,3
DA:8,3
DA:12,1
DA:13,1
DA:17,1
DA:18,1
DA:22,0
DA:23,0
DA:24,0
DA:29,3
LF:11
LH:8
BRF:0
BRH:0
end_of_record
TN:
SF:src\controllers\post_controller.ts
FN:7,(anonymous_8)
FN:11,(anonymous_9)
FNF:2
FNH:2
FNDA:3,(anonymous_8)
FNDA:4,(anonymous_9)
DA:2,3
DA:3,3
DA:8,3
DA:12,4
DA:13,4
DA:17,4
DA:18,4
DA:22,3
LF:8
LH:8
BRF:0
BRH:0
end_of_record
TN:
SF:src\models\comments_model.ts
FNF:0
FNH:0
DA:2,3
DA:9,3
DA:21,3
DA:23,3
LF:4
LH:4
BRF:0
BRH:0
end_of_record
TN:
SF:src\models\posts_model.ts
FNF:0
FNH:0
DA:2,3
DA:10,3
DA:21,3
DA:23,3
LF:4
LH:4
BRF:0
BRH:0
end_of_record
TN:
SF:src\models\users_model.ts
FNF:0
FNH:0
DA:2,3
DA:11,3
DA:24,3
DA:26,3
LF:4
LH:4
BRF:0
BRH:0
end_of_record
TN:
SF:src\routes\auth_routes.ts
FNF:0
FNH:0
DA:1,3
DA:2,3
DA:3,3
DA:67,3
DA:91,3
DA:116,3
DA:139,3
DA:140,3
LF:8
LH:8
BRF:0
BRH:0
end_of_record
TN:
SF:src\routes\comments_routes.ts
FNF:0
FNH:0
DA:1,3
DA:2,3
DA:3,3
DA:4,3
DA:60,3
DA:87,3
DA:125,3
DA:166,3
DA:183,3
DA:211,3
DA:214,3
LF:11
LH:11
BRF:0
BRH:0
end_of_record
TN:
SF:src\routes\posts_routes.ts
FNF:0
FNH:0
DA:1,3
DA:2,3
DA:3,3
DA:4,3
DA:58,3
DA:84,3
DA:117,3
DA:160,3
DA:179,3
DA:203,3
DA:206,3
LF:11
LH:11
BRF:0
BRH:0
end_of_record
