TN:
SF:src\server.ts
FN:11,(anonymous_1)
FN:12,(anonymous_2)
FN:15,(anonymous_3)
FN:16,(anonymous_4)
FN:24,(anonymous_5)
FNF:5
FNH:4
FNDA:3,(anonymous_1)
FNDA:3,(anonymous_2)
FNDA:0,(anonymous_3)
FNDA:3,(anonymous_4)
FNDA:3,(anonymous_5)
DA:1,3
DA:2,3
DA:3,3
DA:4,3
DA:5,3
DA:6,3
DA:7,3
DA:8,3
DA:9,3
DA:11,3
DA:12,3
DA:14,3
DA:15,3
DA:16,3
DA:18,3
DA:20,0
DA:21,0
DA:24,3
DA:26,3
DA:27,3
DA:29,3
DA:30,3
DA:31,3
DA:32,3
DA:41,3
LF:25
LH:23
BRDA:18,0,0,0
BRDA:18,0,1,3
BRF:2
BRH:1
end_of_record
TN:
SF:src\controllers\auth_controller.ts
FN:6,(anonymous_8)
FN:6,(anonymous_9)
FN:20,(anonymous_10)
FN:20,(anonymous_11)
FN:52,(anonymous_12)
FN:65,(anonymous_13)
FNF:6
FNH:6
FNDA:3,(anonymous_8)
FNDA:3,(anonymous_9)
FNDA:1,(anonymous_10)
FNDA:1,(anonymous_11)
FNDA:5,(anonymous_12)
FNDA:1,(anonymous_13)
DA:2,3
DA:3,3
DA:4,3
DA:6,3
DA:7,3
DA:8,3
DA:9,3
DA:10,2
DA:14,1
DA:16,2
DA:20,3
DA:21,1
DA:22,1
DA:23,1
DA:24,0
DA:25,0
DA:27,1
DA:28,1
DA:30,0
DA:31,0
DA:33,1
DA:35,0
DA:36,0
DA:38,1
DA:41,1
DA:44,0
DA:52,3
DA:53,5
DA:54,5
DA:55,5
DA:57,4
DA:58,4
DA:60,1
DA:62,0
DA:63,0
DA:65,1
DA:66,1
DA:67,0
DA:68,0
DA:70,1
DA:71,1
DA:75,3
LF:42
LH:31
BRDA:23,0,0,0
BRDA:28,1,0,0
BRDA:33,2,0,0
BRDA:54,3,0,5
BRDA:54,3,1,1
BRDA:55,4,0,4
BRDA:60,5,0,0
BRDA:66,6,0,0
BRF:8
BRH:3
end_of_record
TN:
SF:src\controllers\base_controller.ts
FN:9,(anonymous_7)
FN:14,(anonymous_8)
FN:22,(anonymous_10)
FN:36,(anonymous_12)
FN:45,(anonymous_14)
FN:50,(anonymous_16)
FN:55,(anonymous_18)
FN:62,(anonymous_20)
FNF:8
FNH:4
FNDA:6,(anonymous_7)
FNDA:3,(anonymous_8)
FNDA:0,(anonymous_10)
FNDA:1,(anonymous_12)
FNDA:0,(anonymous_14)
FNDA:0,(anonymous_16)
FNDA:0,(anonymous_18)
FNDA:3,(anonymous_20)
DA:6,3
DA:11,6
DA:15,3
DA:16,3
DA:17,3
DA:18,0
DA:23,0
DA:24,0
DA:25,0
DA:26,0
DA:30,0
DA:31,0
DA:37,1
DA:38,1
DA:39,1
DA:40,1
DA:41,0
DA:46,0
DA:47,0
DA:51,0
DA:52,0
DA:56,0
DA:57,0
DA:58,0
DA:62,3
DA:63,3
DA:66,3
LF:27
LH:12
BRDA:24,0,0,0
BRDA:24,0,1,0
BRF:2
BRH:0
end_of_record
TN:
SF:src\controllers\comments_controller.ts
FNF:0
FNH:0
DA:3,3
DA:4,3
DA:6,3
DA:8,3
LF:4
LH:4
BRF:0
BRH:0
end_of_record
TN:
SF:src\controllers\post_controller.ts
FN:7,(anonymous_8)
FN:11,(anonymous_9)
FNF:2
FNH:2
FNDA:3,(anonymous_8)
FNDA:1,(anonymous_9)
DA:2,3
DA:3,3
DA:8,3
DA:12,1
DA:13,1
DA:17,1
DA:18,1
DA:22,3
LF:8
LH:8
BRF:0
BRH:0
end_of_record
TN:
SF:src\models\comments_model.ts
FNF:0
FNH:0
DA:2,3
DA:9,3
DA:21,3
DA:23,3
LF:4
LH:4
BRF:0
BRH:0
end_of_record
TN:
SF:src\models\posts_model.ts
FNF:0
FNH:0
DA:2,3
DA:10,3
DA:21,3
DA:23,3
LF:4
LH:4
BRF:0
BRH:0
end_of_record
TN:
SF:src\models\users_model.ts
FNF:0
FNH:0
DA:2,3
DA:10,3
DA:19,3
DA:21,3
LF:4
LH:4
BRF:0
BRH:0
end_of_record
TN:
SF:src\routes\auth_routes.ts
FNF:0
FNH:0
DA:1,3
DA:2,3
DA:3,3
DA:5,3
DA:7,3
DA:10,3
LF:6
LH:6
BRF:0
BRH:0
end_of_record
TN:
SF:src\routes\comments_routes.ts
FNF:0
FNH:0
DA:1,3
DA:2,3
DA:3,3
DA:4,3
DA:6,3
DA:8,3
DA:10,3
DA:12,3
DA:14,3
DA:17,3
LF:10
LH:10
BRF:0
BRH:0
end_of_record
TN:
SF:src\routes\posts_routes.ts
FNF:0
FNH:0
DA:1,3
DA:2,3
DA:3,3
DA:4,3
DA:6,3
DA:8,3
DA:10,3
DA:12,3
DA:14,3
DA:17,3
LF:10
LH:10
BRF:0
BRH:0
end_of_record
